INFO: 2025/01/21 15:02:25 /home/eqthyrium/Documents/Adlet/Project/SimpleForum/internal/transport/customHttp/middleware.go:55: Method:[GET], URL_Path: /, Remote_Address: [::1]:35330
INFO: 2025/01/21 15:02:25 /home/eqthyrium/Documents/Adlet/Project/SimpleForum/internal/transport/customHttp/middleware.go:82: There is no cookie in the request of the client
INFO: 2025/01/21 15:02:25 /home/eqthyrium/Documents/Adlet/Project/SimpleForum/internal/transport/customHttp/middleware.go:59: The End of the client request, and its Duration:1.816781ms
INFO: 2025/01/21 15:02:25 /home/eqthyrium/Documents/Adlet/Project/SimpleForum/internal/transport/customHttp/middleware.go:55: Method:[GET], URL_Path: /favicon.ico, Remote_Address: [::1]:35330
INFO: 2025/01/21 15:02:25 /home/eqthyrium/Documents/Adlet/Project/SimpleForum/internal/transport/customHttp/middleware.go:82: There is no cookie in the request of the client
INFO: 2025/01/21 15:02:25 /home/eqthyrium/Documents/Adlet/Project/SimpleForum/internal/transport/customHttp/homepage.go:19: incorrect request's endpoint, it's requested endpoint is: /favicon.ico
INFO: 2025/01/21 15:02:25 /home/eqthyrium/Documents/Adlet/Project/SimpleForum/internal/transport/customHttp/middleware.go:59: The End of the client request, and its Duration:574.165µs
INFO: 2025/01/21 15:02:42 /home/eqthyrium/Documents/Adlet/Project/SimpleForum/internal/transport/customHttp/middleware.go:55: Method:[GET], URL_Path: /auth/login, Remote_Address: [::1]:59806
INFO: 2025/01/21 15:02:42 /home/eqthyrium/Documents/Adlet/Project/SimpleForum/internal/transport/customHttp/middleware.go:82: There is no cookie in the request of the client
INFO: 2025/01/21 15:02:42 /home/eqthyrium/Documents/Adlet/Project/SimpleForum/internal/transport/customHttp/middleware.go:59: The End of the client request, and its Duration:1.16635ms
INFO: 2025/01/21 15:02:45 /home/eqthyrium/Documents/Adlet/Project/SimpleForum/internal/transport/customHttp/middleware.go:55: Method:[POST], URL_Path: /oauth2/google, Remote_Address: [::1]:59806
INFO: 2025/01/21 15:02:45 /home/eqthyrium/Documents/Adlet/Project/SimpleForum/internal/transport/customHttp/middleware.go:82: There is no cookie in the request of the client
INFO: 2025/01/21 15:02:45 /home/eqthyrium/Documents/Adlet/Project/SimpleForum/internal/transport/customHttp/middleware.go:59: The End of the client request, and its Duration:180.191µs
INFO: 2025/01/21 15:02:45 /home/eqthyrium/Documents/Adlet/Project/SimpleForum/internal/transport/customHttp/middleware.go:55: Method:[GET], URL_Path: /oauth2/google/callback, Remote_Address: [::1]:59806
INFO: 2025/01/21 15:02:45 /home/eqthyrium/Documents/Adlet/Project/SimpleForum/internal/transport/customHttp/middleware.go:82: There is no cookie in the request of the client
INFO: 2025/01/21 15:02:47 /home/eqthyrium/Documents/Adlet/Project/SimpleForum/internal/transport/customHttp/middleware.go:59: The End of the client request, and its Duration:1.649736768s
INFO: 2025/01/21 15:02:47 /home/eqthyrium/Documents/Adlet/Project/SimpleForum/internal/transport/customHttp/middleware.go:55: Method:[GET], URL_Path: /, Remote_Address: [::1]:59806
INFO: 2025/01/21 15:02:47 /home/eqthyrium/Documents/Adlet/Project/SimpleForum/internal/transport/customHttp/middleware.go:59: The End of the client request, and its Duration:923.022µs
INFO: 2025/01/21 15:02:55 /home/eqthyrium/Documents/Adlet/Project/SimpleForum/internal/transport/customHttp/middleware.go:55: Method:[POST], URL_Path: /logout, Remote_Address: [::1]:59806
INFO: 2025/01/21 15:02:55 /home/eqthyrium/Documents/Adlet/Project/SimpleForum/internal/transport/customHttp/middleware.go:176: The CSRF attack is detected, its IP is: [::1]:59806
INFO: 2025/01/21 15:02:55 /home/eqthyrium/Documents/Adlet/Project/SimpleForum/internal/transport/customHttp/middleware.go:59: The End of the client request, and its Duration:191.854µs
INFO: 2025/01/21 15:02:55 /home/eqthyrium/Documents/Adlet/Project/SimpleForum/internal/transport/customHttp/middleware.go:55: Method:[GET], URL_Path: /auth/login, Remote_Address: [::1]:59806
INFO: 2025/01/21 15:02:55 /home/eqthyrium/Documents/Adlet/Project/SimpleForum/internal/transport/customHttp/middleware.go:82: There is no cookie in the request of the client
INFO: 2025/01/21 15:02:55 /home/eqthyrium/Documents/Adlet/Project/SimpleForum/internal/transport/customHttp/middleware.go:59: The End of the client request, and its Duration:288.165µs
INFO: 2025/01/21 15:03:05 /home/eqthyrium/Documents/Adlet/Project/SimpleForum/internal/transport/customHttp/middleware.go:55: Method:[POST], URL_Path: /oauth2/github, Remote_Address: [::1]:59806
INFO: 2025/01/21 15:03:05 /home/eqthyrium/Documents/Adlet/Project/SimpleForum/internal/transport/customHttp/middleware.go:82: There is no cookie in the request of the client
INFO: 2025/01/21 15:03:05 /home/eqthyrium/Documents/Adlet/Project/SimpleForum/internal/transport/customHttp/middleware.go:59: The End of the client request, and its Duration:349.905µs
INFO: 2025/01/21 15:03:19 /home/eqthyrium/Documents/Adlet/Project/SimpleForum/internal/transport/customHttp/middleware.go:55: Method:[POST], URL_Path: /oauth2/github, Remote_Address: [::1]:59806
INFO: 2025/01/21 15:03:19 /home/eqthyrium/Documents/Adlet/Project/SimpleForum/internal/transport/customHttp/middleware.go:82: There is no cookie in the request of the client
INFO: 2025/01/21 15:03:19 /home/eqthyrium/Documents/Adlet/Project/SimpleForum/internal/transport/customHttp/middleware.go:59: The End of the client request, and its Duration:189.224µs
INFO: 2025/01/21 15:03:30 /home/eqthyrium/Documents/Adlet/Project/SimpleForum/internal/transport/customHttp/middleware.go:55: Method:[GET], URL_Path: /auth/signup, Remote_Address: [::1]:59806
INFO: 2025/01/21 15:03:30 /home/eqthyrium/Documents/Adlet/Project/SimpleForum/internal/transport/customHttp/middleware.go:82: There is no cookie in the request of the client
INFO: 2025/01/21 15:03:30 /home/eqthyrium/Documents/Adlet/Project/SimpleForum/internal/transport/customHttp/middleware.go:59: The End of the client request, and its Duration:441.018µs
INFO: 2025/01/21 15:03:32 /home/eqthyrium/Documents/Adlet/Project/SimpleForum/internal/transport/customHttp/middleware.go:55: Method:[POST], URL_Path: /oauth2/google, Remote_Address: [::1]:59806
INFO: 2025/01/21 15:03:32 /home/eqthyrium/Documents/Adlet/Project/SimpleForum/internal/transport/customHttp/middleware.go:82: There is no cookie in the request of the client
INFO: 2025/01/21 15:03:32 /home/eqthyrium/Documents/Adlet/Project/SimpleForum/internal/transport/customHttp/middleware.go:59: The End of the client request, and its Duration:206.136µs
INFO: 2025/01/21 15:03:33 /home/eqthyrium/Documents/Adlet/Project/SimpleForum/internal/transport/customHttp/middleware.go:55: Method:[GET], URL_Path: /oauth2/google/callback, Remote_Address: [::1]:59806
INFO: 2025/01/21 15:03:33 /home/eqthyrium/Documents/Adlet/Project/SimpleForum/internal/transport/customHttp/middleware.go:82: There is no cookie in the request of the client
INFO: 2025/01/21 15:03:33 /home/eqthyrium/Documents/Adlet/Project/SimpleForum/internal/transport/customHttp/middleware.go:59: The End of the client request, and its Duration:321.916113ms
INFO: 2025/01/21 15:03:36 /home/eqthyrium/Documents/Adlet/Project/SimpleForum/internal/transport/customHttp/middleware.go:55: Method:[GET], URL_Path: /auth/login, Remote_Address: [::1]:59806
INFO: 2025/01/21 15:03:36 /home/eqthyrium/Documents/Adlet/Project/SimpleForum/internal/transport/customHttp/middleware.go:82: There is no cookie in the request of the client
INFO: 2025/01/21 15:03:36 /home/eqthyrium/Documents/Adlet/Project/SimpleForum/internal/transport/customHttp/middleware.go:59: The End of the client request, and its Duration:356.795µs
INFO: 2025/01/21 15:03:38 /home/eqthyrium/Documents/Adlet/Project/SimpleForum/internal/transport/customHttp/middleware.go:55: Method:[POST], URL_Path: /oauth2/google, Remote_Address: [::1]:59806
INFO: 2025/01/21 15:03:38 /home/eqthyrium/Documents/Adlet/Project/SimpleForum/internal/transport/customHttp/middleware.go:82: There is no cookie in the request of the client
INFO: 2025/01/21 15:03:38 /home/eqthyrium/Documents/Adlet/Project/SimpleForum/internal/transport/customHttp/middleware.go:59: The End of the client request, and its Duration:177.023µs
INFO: 2025/01/21 15:03:38 /home/eqthyrium/Documents/Adlet/Project/SimpleForum/internal/transport/customHttp/middleware.go:55: Method:[GET], URL_Path: /oauth2/google/callback, Remote_Address: [::1]:59806
INFO: 2025/01/21 15:03:38 /home/eqthyrium/Documents/Adlet/Project/SimpleForum/internal/transport/customHttp/middleware.go:82: There is no cookie in the request of the client
INFO: 2025/01/21 15:03:39 /home/eqthyrium/Documents/Adlet/Project/SimpleForum/internal/transport/customHttp/middleware.go:59: The End of the client request, and its Duration:608.432886ms
INFO: 2025/01/21 15:03:39 /home/eqthyrium/Documents/Adlet/Project/SimpleForum/internal/transport/customHttp/middleware.go:55: Method:[GET], URL_Path: /, Remote_Address: [::1]:59806
INFO: 2025/01/21 15:03:39 /home/eqthyrium/Documents/Adlet/Project/SimpleForum/internal/transport/customHttp/middleware.go:59: The End of the client request, and its Duration:2.519401ms
INFO: 2025/01/21 15:05:27 /home/eqthyrium/Documents/Adlet/Project/SimpleForum/internal/transport/customHttp/middleware.go:55: Method:[GET], URL_Path: /, Remote_Address: [::1]:59806
INFO: 2025/01/21 15:05:27 /home/eqthyrium/Documents/Adlet/Project/SimpleForum/internal/transport/customHttp/middleware.go:59: The End of the client request, and its Duration:1.008384ms
INFO: 2025/01/21 15:05:32 /home/eqthyrium/Documents/Adlet/Project/SimpleForum/internal/transport/customHttp/middleware.go:55: Method:[GET], URL_Path: /, Remote_Address: [::1]:59806
INFO: 2025/01/21 15:05:32 /home/eqthyrium/Documents/Adlet/Project/SimpleForum/internal/transport/customHttp/middleware.go:59: The End of the client request, and its Duration:1.716299ms
INFO: 2025/01/21 15:05:35 /home/eqthyrium/Documents/Adlet/Project/SimpleForum/internal/transport/customHttp/middleware.go:55: Method:[GET], URL_Path: /, Remote_Address: [::1]:59806
INFO: 2025/01/21 15:05:35 /home/eqthyrium/Documents/Adlet/Project/SimpleForum/internal/transport/customHttp/middleware.go:59: The End of the client request, and its Duration:1.265807ms
INFO: 2025/01/21 15:05:40 /home/eqthyrium/Documents/Adlet/Project/SimpleForum/internal/transport/customHttp/middleware.go:55: Method:[GET], URL_Path: /, Remote_Address: [::1]:59806
INFO: 2025/01/21 15:05:40 /home/eqthyrium/Documents/Adlet/Project/SimpleForum/internal/transport/customHttp/middleware.go:59: The End of the client request, and its Duration:1.736075ms
INFO: 2025/01/21 15:05:43 /home/eqthyrium/Documents/Adlet/Project/SimpleForum/internal/transport/customHttp/middleware.go:55: Method:[GET], URL_Path: /, Remote_Address: [::1]:59806
INFO: 2025/01/21 15:05:43 /home/eqthyrium/Documents/Adlet/Project/SimpleForum/internal/transport/customHttp/middleware.go:59: The End of the client request, and its Duration:1.758645ms
INFO: 2025/01/21 15:06:00 /home/eqthyrium/Documents/Adlet/Project/SimpleForum/internal/transport/customHttp/middleware.go:55: Method:[GET], URL_Path: /, Remote_Address: [::1]:59806
INFO: 2025/01/21 15:06:00 /home/eqthyrium/Documents/Adlet/Project/SimpleForum/internal/transport/customHttp/middleware.go:59: The End of the client request, and its Duration:1.180489ms
INFO: 2025/01/21 15:06:11 /home/eqthyrium/Documents/Adlet/Project/SimpleForum/internal/transport/customHttp/middleware.go:55: Method:[GET], URL_Path: /, Remote_Address: [::1]:59806
INFO: 2025/01/21 15:06:11 /home/eqthyrium/Documents/Adlet/Project/SimpleForum/internal/transport/customHttp/middleware.go:59: The End of the client request, and its Duration:1.427221ms
INFO: 2025/01/21 15:06:16 /home/eqthyrium/Documents/Adlet/Project/SimpleForum/internal/transport/customHttp/middleware.go:55: Method:[GET], URL_Path: /, Remote_Address: [::1]:59806
INFO: 2025/01/21 15:06:16 /home/eqthyrium/Documents/Adlet/Project/SimpleForum/internal/transport/customHttp/middleware.go:59: The End of the client request, and its Duration:921.877µs
